::1 - - [19/May/2020:11:43:55 +0000] "GET / HTTP/1.1" 200 706 "-" "Mozilla/5.0 (X11; Ubuntu; Linux x86_64; rv:76.0) Gecko/20100101 Firefox/76.0"
::1 - - [19/May/2020:11:43:55 +0000] "GET /send-param-data.js HTTP/1.1" 200 478 "http://localhost:8080/" "Mozilla/5.0 (X11; Ubuntu; Linux x86_64; rv:76.0) Gecko/20100101 Firefox/76.0"
::1 - - [19/May/2020:11:43:55 +0000] "GET /send-body-data.js HTTP/1.1" 200 586 "http://localhost:8080/" "Mozilla/5.0 (X11; Ubuntu; Linux x86_64; rv:76.0) Gecko/20100101 Firefox/76.0"
::1 - - [19/May/2020:11:43:55 +0000] "GET /send-query-data.js HTTP/1.1" 200 539 "http://localhost:8080/" "Mozilla/5.0 (X11; Ubuntu; Linux x86_64; rv:76.0) Gecko/20100101 Firefox/76.0"
::1 - - [19/May/2020:11:43:56 +0000] "GET /favicon.ico HTTP/1.1" 404 150 "-" "Mozilla/5.0 (X11; Ubuntu; Linux x86_64; rv:76.0) Gecko/20100101 Firefox/76.0"
::1 - - [19/May/2020:11:44:23 +0000] "POST /api/param/myparam HTTP/1.1" 200 24 "http://localhost:8080/" "Mozilla/5.0 (X11; Ubuntu; Linux x86_64; rv:76.0) Gecko/20100101 Firefox/76.0"
::1 - - [19/May/2020:11:44:24 +0000] "POST /api/query?value=myquery HTTP/1.1" 200 24 "http://localhost:8080/" "Mozilla/5.0 (X11; Ubuntu; Linux x86_64; rv:76.0) Gecko/20100101 Firefox/76.0"
::1 - - [19/May/2020:11:44:25 +0000] "POST /api/body/ HTTP/1.1" 200 22 "http://localhost:8080/" "Mozilla/5.0 (X11; Ubuntu; Linux x86_64; rv:76.0) Gecko/20100101 Firefox/76.0"
::1 - - [19/May/2020:11:47:41 +0000] "GET / HTTP/1.1" 304 - "-" "Mozilla/5.0 (X11; Ubuntu; Linux x86_64; rv:76.0) Gecko/20100101 Firefox/76.0"
::1 - - [19/May/2020:11:47:42 +0000] "GET /send-param-data.js HTTP/1.1" 200 478 "http://localhost:8080/" "Mozilla/5.0 (X11; Ubuntu; Linux x86_64; rv:76.0) Gecko/20100101 Firefox/76.0"
::1 - - [19/May/2020:11:47:42 +0000] "GET /send-query-data.js HTTP/1.1" 200 539 "http://localhost:8080/" "Mozilla/5.0 (X11; Ubuntu; Linux x86_64; rv:76.0) Gecko/20100101 Firefox/76.0"
::1 - - [19/May/2020:11:47:42 +0000] "GET /send-body-data.js HTTP/1.1" 200 586 "http://localhost:8080/" "Mozilla/5.0 (X11; Ubuntu; Linux x86_64; rv:76.0) Gecko/20100101 Firefox/76.0"
::1 - - [19/May/2020:11:47:46 +0000] "POST /api/param/aaa HTTP/1.1" 500 20 "http://localhost:8080/" "Mozilla/5.0 (X11; Ubuntu; Linux x86_64; rv:76.0) Gecko/20100101 Firefox/76.0"
::1 - - [19/May/2020:11:48:29 +0000] "GET / HTTP/1.1" 304 - "-" "Mozilla/5.0 (X11; Ubuntu; Linux x86_64; rv:76.0) Gecko/20100101 Firefox/76.0"
::1 - - [19/May/2020:11:48:29 +0000] "GET /send-param-data.js HTTP/1.1" 304 - "http://localhost:8080/" "Mozilla/5.0 (X11; Ubuntu; Linux x86_64; rv:76.0) Gecko/20100101 Firefox/76.0"
::1 - - [19/May/2020:11:48:29 +0000] "GET /send-body-data.js HTTP/1.1" 304 - "http://localhost:8080/" "Mozilla/5.0 (X11; Ubuntu; Linux x86_64; rv:76.0) Gecko/20100101 Firefox/76.0"
::1 - - [19/May/2020:11:48:29 +0000] "GET /send-query-data.js HTTP/1.1" 304 - "http://localhost:8080/" "Mozilla/5.0 (X11; Ubuntu; Linux x86_64; rv:76.0) Gecko/20100101 Firefox/76.0"
::1 - - [19/May/2020:11:48:32 +0000] "POST /api/param/a HTTP/1.1" 500 18 "http://localhost:8080/" "Mozilla/5.0 (X11; Ubuntu; Linux x86_64; rv:76.0) Gecko/20100101 Firefox/76.0"
::1 - - [19/May/2020:11:48:33 +0000] "POST /api/param/a HTTP/1.1" 500 18 "http://localhost:8080/" "Mozilla/5.0 (X11; Ubuntu; Linux x86_64; rv:76.0) Gecko/20100101 Firefox/76.0"
::1 - - [19/May/2020:11:48:54 +0000] "GET / HTTP/1.1" 304 - "-" "Mozilla/5.0 (X11; Ubuntu; Linux x86_64; rv:76.0) Gecko/20100101 Firefox/76.0"
::1 - - [19/May/2020:11:48:54 +0000] "GET /send-param-data.js HTTP/1.1" 304 - "http://localhost:8080/" "Mozilla/5.0 (X11; Ubuntu; Linux x86_64; rv:76.0) Gecko/20100101 Firefox/76.0"
::1 - - [19/May/2020:11:48:54 +0000] "GET /send-query-data.js HTTP/1.1" 304 - "http://localhost:8080/" "Mozilla/5.0 (X11; Ubuntu; Linux x86_64; rv:76.0) Gecko/20100101 Firefox/76.0"
::1 - - [19/May/2020:11:48:54 +0000] "GET /send-body-data.js HTTP/1.1" 304 - "http://localhost:8080/" "Mozilla/5.0 (X11; Ubuntu; Linux x86_64; rv:76.0) Gecko/20100101 Firefox/76.0"
::1 - - [19/May/2020:11:48:57 +0000] "POST /api/param/a HTTP/1.1" 500 18 "http://localhost:8080/" "Mozilla/5.0 (X11; Ubuntu; Linux x86_64; rv:76.0) Gecko/20100101 Firefox/76.0"
::1 - - [19/May/2020:11:49:14 +0000] "GET / HTTP/1.1" 304 - "-" "Mozilla/5.0 (X11; Ubuntu; Linux x86_64; rv:76.0) Gecko/20100101 Firefox/76.0"
::1 - - [19/May/2020:11:49:15 +0000] "GET /send-param-data.js HTTP/1.1" 304 - "http://localhost:8080/" "Mozilla/5.0 (X11; Ubuntu; Linux x86_64; rv:76.0) Gecko/20100101 Firefox/76.0"
::1 - - [19/May/2020:11:49:15 +0000] "GET /send-query-data.js HTTP/1.1" 304 - "http://localhost:8080/" "Mozilla/5.0 (X11; Ubuntu; Linux x86_64; rv:76.0) Gecko/20100101 Firefox/76.0"
::1 - - [19/May/2020:11:49:15 +0000] "GET /send-body-data.js HTTP/1.1" 304 - "http://localhost:8080/" "Mozilla/5.0 (X11; Ubuntu; Linux x86_64; rv:76.0) Gecko/20100101 Firefox/76.0"
::1 - - [19/May/2020:11:49:18 +0000] "POST /api/param/q HTTP/1.1" 200 18 "http://localhost:8080/" "Mozilla/5.0 (X11; Ubuntu; Linux x86_64; rv:76.0) Gecko/20100101 Firefox/76.0"
::1 - - [19/May/2020:11:49:54 +0000] "GET / HTTP/1.1" 304 - "-" "Mozilla/5.0 (X11; Ubuntu; Linux x86_64; rv:76.0) Gecko/20100101 Firefox/76.0"
::1 - - [19/May/2020:11:49:54 +0000] "GET /send-param-data.js HTTP/1.1" 304 - "http://localhost:8080/" "Mozilla/5.0 (X11; Ubuntu; Linux x86_64; rv:76.0) Gecko/20100101 Firefox/76.0"
::1 - - [19/May/2020:11:49:54 +0000] "GET /send-query-data.js HTTP/1.1" 304 - "http://localhost:8080/" "Mozilla/5.0 (X11; Ubuntu; Linux x86_64; rv:76.0) Gecko/20100101 Firefox/76.0"
::1 - - [19/May/2020:11:49:54 +0000] "GET /send-body-data.js HTTP/1.1" 304 - "http://localhost:8080/" "Mozilla/5.0 (X11; Ubuntu; Linux x86_64; rv:76.0) Gecko/20100101 Firefox/76.0"
::1 - - [19/May/2020:11:49:55 +0000] "POST /api/param/q HTTP/1.1" 200 18 "http://localhost:8080/" "Mozilla/5.0 (X11; Ubuntu; Linux x86_64; rv:76.0) Gecko/20100101 Firefox/76.0"
::1 - - [19/May/2020:11:49:59 +0000] "POST /api/query?value=s HTTP/1.1" 200 18 "http://localhost:8080/" "Mozilla/5.0 (X11; Ubuntu; Linux x86_64; rv:76.0) Gecko/20100101 Firefox/76.0"
::1 - - [19/May/2020:12:00:02 +0000] "GET / HTTP/1.1" 304 - "-" "Mozilla/5.0 (X11; Ubuntu; Linux x86_64; rv:76.0) Gecko/20100101 Firefox/76.0"
::1 - - [19/May/2020:12:00:02 +0000] "GET /send-param-data.js HTTP/1.1" 304 - "http://localhost:8080/" "Mozilla/5.0 (X11; Ubuntu; Linux x86_64; rv:76.0) Gecko/20100101 Firefox/76.0"
::1 - - [19/May/2020:12:00:02 +0000] "GET /send-query-data.js HTTP/1.1" 304 - "http://localhost:8080/" "Mozilla/5.0 (X11; Ubuntu; Linux x86_64; rv:76.0) Gecko/20100101 Firefox/76.0"
::1 - - [19/May/2020:12:00:02 +0000] "GET /send-body-data.js HTTP/1.1" 304 - "http://localhost:8080/" "Mozilla/5.0 (X11; Ubuntu; Linux x86_64; rv:76.0) Gecko/20100101 Firefox/76.0"
::1 - - [19/May/2020:12:00:29 +0000] "POST /api/param/my%20param%20data HTTP/1.1" 200 30 "http://localhost:8080/" "Mozilla/5.0 (X11; Ubuntu; Linux x86_64; rv:76.0) Gecko/20100101 Firefox/76.0"
::1 - - [19/May/2020:12:00:30 +0000] "POST /api/query?value=my%20query%20data HTTP/1.1" 200 30 "http://localhost:8080/" "Mozilla/5.0 (X11; Ubuntu; Linux x86_64; rv:76.0) Gecko/20100101 Firefox/76.0"
::1 - - [19/May/2020:12:00:31 +0000] "POST /api/body/ HTTP/1.1" 200 28 "http://localhost:8080/" "Mozilla/5.0 (X11; Ubuntu; Linux x86_64; rv:76.0) Gecko/20100101 Firefox/76.0"
::1 - - [19/May/2020:12:03:10 +0000] "GET / HTTP/1.1" 304 - "-" "Mozilla/5.0 (X11; Ubuntu; Linux x86_64; rv:76.0) Gecko/20100101 Firefox/76.0"
::1 - - [19/May/2020:12:03:10 +0000] "GET /send-param-data.js HTTP/1.1" 304 - "http://localhost:8080/" "Mozilla/5.0 (X11; Ubuntu; Linux x86_64; rv:76.0) Gecko/20100101 Firefox/76.0"
::1 - - [19/May/2020:12:03:10 +0000] "GET /send-query-data.js HTTP/1.1" 304 - "http://localhost:8080/" "Mozilla/5.0 (X11; Ubuntu; Linux x86_64; rv:76.0) Gecko/20100101 Firefox/76.0"
::1 - - [19/May/2020:12:03:11 +0000] "GET /send-body-data.js HTTP/1.1" 304 - "http://localhost:8080/" "Mozilla/5.0 (X11; Ubuntu; Linux x86_64; rv:76.0) Gecko/20100101 Firefox/76.0"
::1 - - [19/May/2020:12:03:29 +0000] "POST /api/param/para123 HTTP/1.1" 200 24 "http://localhost:8080/" "Mozilla/5.0 (X11; Ubuntu; Linux x86_64; rv:76.0) Gecko/20100101 Firefox/76.0"
::1 - - [19/May/2020:12:03:29 +0000] "POST /api/query?value=quer345 HTTP/1.1" 200 24 "http://localhost:8080/" "Mozilla/5.0 (X11; Ubuntu; Linux x86_64; rv:76.0) Gecko/20100101 Firefox/76.0"
::1 - - [19/May/2020:12:03:30 +0000] "POST /api/body/ HTTP/1.1" 200 23 "http://localhost:8080/" "Mozilla/5.0 (X11; Ubuntu; Linux x86_64; rv:76.0) Gecko/20100101 Firefox/76.0"
